This file contains any messages produced by compilers while
running configure, to aid debugging if configure makes a mistake.

It was created by ECE4750 Microbenchmark Suite configure ?, which was
generated by GNU Autoconf 2.69.  Invocation command line was

  $ ../configure --host=riscv32-unknown-elf

## --------- ##
## Platform. ##
## --------- ##

hostname = DESKTOP-G1L2J35
uname -m = x86_64
uname -r = 5.15.153.1-microsoft-standard-WSL2
uname -s = Linux
uname -v = #1 SMP Fri Mar 29 23:14:13 UTC 2024

/usr/bin/uname -p = x86_64
/bin/uname -X     = unknown

/bin/arch              = x86_64
/usr/bin/arch -k       = unknown
/usr/convex/getsysinfo = unknown
/usr/bin/hostinfo      = unknown
/bin/machine           = unknown
/usr/bin/oslevel       = unknown
/bin/universe          = unknown

PATH: /home/david/.local/bin
PATH: /opt/riscv/bin
PATH: /usr/local/sbin
PATH: /usr/local/bin
PATH: /usr/sbin
PATH: /usr/bin
PATH: /sbin
PATH: /bin
PATH: /usr/games
PATH: /usr/local/games
PATH: /usr/lib/wsl/lib
PATH: /mnt/c/Windows/system32
PATH: /mnt/c/Windows
PATH: /mnt/c/Windows/System32/Wbem
PATH: /mnt/c/Windows/System32/WindowsPowerShell/v1.0/
PATH: /mnt/c/Windows/System32/OpenSSH/
PATH: /mnt/c/Program Files/Git/cmd
PATH: /mnt/c/Users/zichen/AppData/Local/Programs/Python/Launcher/
PATH: /mnt/c/Users/zichen/AppData/Local/Microsoft/WindowsApps
PATH: /mnt/c/Users/zichen/AppData/Local/Programs/Python/Python312/Scripts/
PATH: /mnt/c/Users/zichen/AppData/Local/Programs/Python/Python312/
PATH: /snap/bin


## ----------- ##
## Core tests. ##
## ----------- ##

configure:1864: checking build system type
configure:1878: result: x86_64-unknown-linux-gnu
configure:1898: checking host system type
configure:1911: result: riscv32-unknown-elf
configure:1945: checking for riscv32-unknown-elf-gcc
configure:1961: found /opt/riscv/bin/riscv32-unknown-elf-gcc
configure:1972: result: riscv32-unknown-elf-gcc
configure:2241: checking for C compiler version
configure:2250: riscv32-unknown-elf-gcc --version >&5
riscv32-unknown-elf-gcc () 13.2.0
Copyright (C) 2023 Free Software Foundation, Inc.
This is free software; see the source for copying conditions.  There is NO
warranty; not even for MERCHANTABILITY or FITNESS FOR A PARTICULAR PURPOSE.

configure:2261: $? = 0
configure:2250: riscv32-unknown-elf-gcc -v >&5
Using built-in specs.
COLLECT_GCC=riscv32-unknown-elf-gcc
COLLECT_LTO_WRAPPER=/opt/riscv/libexec/gcc/riscv32-unknown-elf/13.2.0/lto-wrapper
Target: riscv32-unknown-elf
Configured with: /mnt/c/zichen/riscv-gnu-toolchain/gcc/configure --target=riscv32-unknown-elf --prefix=/opt/riscv --disable-shared --disable-threads --enable-languages=c,c++ --with-pkgversion= --with-system-zlib --enable-tls --with-newlib --with-sysroot=/opt/riscv/riscv32-unknown-elf --with-native-system-header-dir=/include --disable-libmudflap --disable-libssp --disable-libquadmath --disable-libgomp --disable-nls --disable-tm-clone-registry --src=.././gcc --disable-multilib --with-abi=ilp32 --with-arch=rv32imzicsr --with-tune=rocket --with-isa-spec=20191213 'CFLAGS_FOR_TARGET=-Os    -mcmodel=medlow' 'CXXFLAGS_FOR_TARGET=-Os    -mcmodel=medlow'
Thread model: single
Supported LTO compression algorithms: zlib
gcc version 13.2.0 () 
configure:2261: $? = 0
configure:2250: riscv32-unknown-elf-gcc -V >&5
riscv32-unknown-elf-gcc: error: unrecognized command-line option '-V'
riscv32-unknown-elf-gcc: fatal error: no input files
compilation terminated.
configure:2261: $? = 1
configure:2250: riscv32-unknown-elf-gcc -qversion >&5
riscv32-unknown-elf-gcc: error: unrecognized command-line option '-qversion'; did you mean '--version'?
riscv32-unknown-elf-gcc: fatal error: no input files
compilation terminated.
configure:2261: $? = 1
configure:2281: checking whether the C compiler works
configure:2303: riscv32-unknown-elf-gcc    conftest.c  >&5
configure:2307: $? = 0
configure:2355: result: yes
configure:2358: checking for C compiler default output file name
configure:2360: result: a.out
configure:2366: checking for suffix of executables
configure:2373: riscv32-unknown-elf-gcc -o conftest    conftest.c  >&5
configure:2377: $? = 0
configure:2399: result: 
configure:2421: checking whether we are cross compiling
configure:2429: riscv32-unknown-elf-gcc -o conftest    conftest.c  >&5
configure:2433: $? = 0
configure:2440: ./conftest
../configure: line 2442: ./conftest: cannot execute binary file: Exec format error
configure:2444: $? = 126
configure:2459: result: yes
configure:2464: checking for suffix of object files
configure:2486: riscv32-unknown-elf-gcc -c   conftest.c >&5
configure:2490: $? = 0
configure:2511: result: o
configure:2515: checking whether we are using the GNU C compiler
configure:2534: riscv32-unknown-elf-gcc -c   conftest.c >&5
configure:2534: $? = 0
configure:2543: result: yes
configure:2552: checking whether riscv32-unknown-elf-gcc accepts -g
configure:2572: riscv32-unknown-elf-gcc -c -g  conftest.c >&5
configure:2572: $? = 0
configure:2613: result: yes
configure:2630: checking for riscv32-unknown-elf-gcc option to accept ISO C89
configure:2693: riscv32-unknown-elf-gcc  -c -g -O2  conftest.c >&5
configure:2693: $? = 0
configure:2706: result: none needed
configure:2744: checking for riscv32-unknown-elf-g++
configure:2760: found /opt/riscv/bin/riscv32-unknown-elf-g++
configure:2771: result: riscv32-unknown-elf-g++
configure:2842: checking for C++ compiler version
configure:2851: riscv32-unknown-elf-g++ --version >&5
riscv32-unknown-elf-g++ () 13.2.0
Copyright (C) 2023 Free Software Foundation, Inc.
This is free software; see the source for copying conditions.  There is NO
warranty; not even for MERCHANTABILITY or FITNESS FOR A PARTICULAR PURPOSE.

configure:2862: $? = 0
configure:2851: riscv32-unknown-elf-g++ -v >&5
Using built-in specs.
COLLECT_GCC=riscv32-unknown-elf-g++
COLLECT_LTO_WRAPPER=/opt/riscv/libexec/gcc/riscv32-unknown-elf/13.2.0/lto-wrapper
Target: riscv32-unknown-elf
Configured with: /mnt/c/zichen/riscv-gnu-toolchain/gcc/configure --target=riscv32-unknown-elf --prefix=/opt/riscv --disable-shared --disable-threads --enable-languages=c,c++ --with-pkgversion= --with-system-zlib --enable-tls --with-newlib --with-sysroot=/opt/riscv/riscv32-unknown-elf --with-native-system-header-dir=/include --disable-libmudflap --disable-libssp --disable-libquadmath --disable-libgomp --disable-nls --disable-tm-clone-registry --src=.././gcc --disable-multilib --with-abi=ilp32 --with-arch=rv32imzicsr --with-tune=rocket --with-isa-spec=20191213 'CFLAGS_FOR_TARGET=-Os    -mcmodel=medlow' 'CXXFLAGS_FOR_TARGET=-Os    -mcmodel=medlow'
Thread model: single
Supported LTO compression algorithms: zlib
gcc version 13.2.0 () 
configure:2862: $? = 0
configure:2851: riscv32-unknown-elf-g++ -V >&5
riscv32-unknown-elf-g++: error: unrecognized command-line option '-V'
riscv32-unknown-elf-g++: fatal error: no input files
compilation terminated.
configure:2862: $? = 1
configure:2851: riscv32-unknown-elf-g++ -qversion >&5
riscv32-unknown-elf-g++: error: unrecognized command-line option '-qversion'; did you mean '--version'?
riscv32-unknown-elf-g++: fatal error: no input files
compilation terminated.
configure:2862: $? = 1
configure:2866: checking whether we are using the GNU C++ compiler
configure:2885: riscv32-unknown-elf-g++ -c   conftest.cpp >&5
configure:2885: $? = 0
configure:2894: result: yes
configure:2903: checking whether riscv32-unknown-elf-g++ accepts -g
configure:2923: riscv32-unknown-elf-g++ -c -g  conftest.cpp >&5
configure:2923: $? = 0
configure:2964: result: yes
configure:2995: checking for riscv32-unknown-elf-ar
configure:3011: found /opt/riscv/bin/riscv32-unknown-elf-ar
configure:3022: result: riscv32-unknown-elf-ar
configure:3087: checking for riscv32-unknown-elf-ranlib
configure:3103: found /opt/riscv/bin/riscv32-unknown-elf-ranlib
configure:3114: result: riscv32-unknown-elf-ranlib
configure:3223: checking for a BSD-compatible install
configure:3291: result: /usr/bin/install -c
configure:3434: checking for riscv32-unknown-elf-isa-run
configure:3464: result: no
configure:3434: checking for riscv32-unknown-elf-run
configure:3450: found /opt/riscv/bin/riscv32-unknown-elf-run
configure:3461: result: riscv32-unknown-elf-run
configure:3773: configuring internal subproject ubmark
configure:3917: creating ./config.status

## ---------------------- ##
## Running config.status. ##
## ---------------------- ##

This file was extended by ECE4750 Microbenchmark Suite config.status ?, which was
generated by GNU Autoconf 2.69.  Invocation command line was

  CONFIG_FILES    = 
  CONFIG_HEADERS  = 
  CONFIG_LINKS    = 
  CONFIG_COMMANDS = 
  $ ./config.status 

on DESKTOP-G1L2J35

config.status:823: creating ubmark.mk
config.status:823: creating Makefile
config.status:823: creating ubmark-config.h

## ---------------- ##
## Cache variables. ##
## ---------------- ##

ac_cv_build=x86_64-unknown-linux-gnu
ac_cv_c_compiler_gnu=yes
ac_cv_cxx_compiler_gnu=yes
ac_cv_env_CCC_set=
ac_cv_env_CCC_value=
ac_cv_env_CC_set=
ac_cv_env_CC_value=
ac_cv_env_CFLAGS_set=
ac_cv_env_CFLAGS_value=
ac_cv_env_CPPFLAGS_set=
ac_cv_env_CPPFLAGS_value=
ac_cv_env_CXXFLAGS_set=
ac_cv_env_CXXFLAGS_value=
ac_cv_env_CXX_set=
ac_cv_env_CXX_value=
ac_cv_env_LDFLAGS_set=
ac_cv_env_LDFLAGS_value=
ac_cv_env_LIBS_set=
ac_cv_env_LIBS_value=
ac_cv_env_STOW_PREFIX_set=
ac_cv_env_STOW_PREFIX_value=
ac_cv_env_STOW_ROOT_set=
ac_cv_env_STOW_ROOT_value=
ac_cv_env_build_alias_set=
ac_cv_env_build_alias_value=
ac_cv_env_host_alias_set=set
ac_cv_env_host_alias_value=riscv32-unknown-elf
ac_cv_env_target_alias_set=
ac_cv_env_target_alias_value=
ac_cv_host=riscv32-unknown-elf
ac_cv_objext=o
ac_cv_path_install='/usr/bin/install -c'
ac_cv_prog_AR=riscv32-unknown-elf-ar
ac_cv_prog_CC=riscv32-unknown-elf-gcc
ac_cv_prog_CXX=riscv32-unknown-elf-g++
ac_cv_prog_RANLIB=riscv32-unknown-elf-ranlib
ac_cv_prog_RUN=riscv32-unknown-elf-run
ac_cv_prog_cc_c89=
ac_cv_prog_cc_g=yes
ac_cv_prog_cxx_g=yes

## ----------------- ##
## Output variables. ##
## ----------------- ##

AR='riscv32-unknown-elf-ar'
CC='riscv32-unknown-elf-gcc'
CFLAGS='-Wall -g -O3 -march=rv32imzicsr'
CPPFLAGS=''
CXX='riscv32-unknown-elf-g++'
CXXFLAGS='-Wall -g -O3 -D_MIPS_ARCH_LLFU'
DEFS='-DHAVE_CONFIG_H'
ECHO_C=''
ECHO_N='-n'
ECHO_T=''
EXEEXT=''
INSTALL_DATA='${INSTALL} -m 644'
INSTALL_PROGRAM='${INSTALL}'
INSTALL_SCRIPT='${INSTALL}'
LDFLAGS=''
LIBOBJS=''
LIBS=''
LTLIBOBJS=''
OBJEXT='o'
PACKAGE_BUGREPORT='Ji Kim'
PACKAGE_NAME='ECE4750 Microbenchmark Suite'
PACKAGE_STRING='ECE4750 Microbenchmark Suite ?'
PACKAGE_TARNAME='ubmark'
PACKAGE_URL=''
PACKAGE_VERSION='?'
PATH_SEPARATOR=':'
RANLIB='riscv32-unknown-elf-ranlib'
RUN='riscv32-unknown-elf-run'
RUNFLAGS=''
SHELL='/bin/bash'
STOW_PREFIX=''
STOW_ROOT=''
ac_ct_CC=''
ac_ct_CXX=''
ac_ct_RUN=''
bindir='${exec_prefix}/bin'
build='x86_64-unknown-linux-gnu'
build_alias=''
build_cpu='x86_64'
build_os='linux-gnu'
build_vendor='unknown'
datadir='${datarootdir}'
datarootdir='${prefix}/share'
docdir='${datarootdir}/doc/${PACKAGE_TARNAME}'
dvidir='${docdir}'
enable_stow='no'
exec_prefix='${prefix}'
host='riscv32-unknown-elf'
host_alias='riscv32-unknown-elf'
host_cpu='riscv32'
host_os='elf'
host_vendor='unknown'
htmldir='${docdir}'
includedir='${prefix}/include'
infodir='${datarootdir}/info'
libdir='${exec_prefix}/lib'
libexecdir='${exec_prefix}/libexec'
localedir='${datarootdir}/locale'
localstatedir='${prefix}/var'
mandir='${datarootdir}/man'
mcppbs_include_external=''
mcppbs_include_external_en=''
mcppbs_include_internal='ubmark '
mcppbs_include_internal_en='ubmark '
mcppbs_install=''
oldincludedir='/usr/include'
pdfdir='${docdir}'
prefix='/usr/local'
program_transform_name='s,x,x,'
psdir='${docdir}'
sbindir='${exec_prefix}/sbin'
sharedstatedir='${prefix}/com'
stow=''
sysconfdir='${prefix}/etc'
target_alias=''
ubmark_cppflags='-I../ubmark '
ubmark_extra_cppflags=''
ubmark_extra_ldflags=''
ubmark_extra_libs=''
ubmark_intdeps=''
ubmark_ldflags=''
ubmark_libs='-lubmark '
ubmark_pkcdeps=''

## ----------- ##
## confdefs.h. ##
## ----------- ##

/* confdefs.h */
#define PACKAGE_NAME "ECE4750 Microbenchmark Suite"
#define PACKAGE_TARNAME "ubmark"
#define PACKAGE_VERSION "?"
#define PACKAGE_STRING "ECE4750 Microbenchmark Suite ?"
#define PACKAGE_BUGREPORT "Ji Kim"
#define PACKAGE_URL ""
#define HAVE_UBMARK /**/

configure: exit 0
